<?xml version="1.0" encoding="UTF-8"?>
<testsuite xmlns:xsi="http://www.w3.org/2001/XMLSchema-instance" xsi:noNamespaceSchemaLocation="https://maven.apache.org/surefire/maven-surefire-plugin/xsd/surefire-test-report-3.0.xsd" version="3.0" name="se.mtry.iv1350.grocerystoreseminar.dto.ItemDTOTest" time="0.157" tests="5" errors="0" skipped="0" failures="0">
  <properties>
[...]
</properties>
  <testcase name="testGetPrice" classname="se.mtry.iv1350.grocerystoreseminar.dto.ItemDTOTest" time="0.076"/>
  <testcase name="testGetID" classname="se.mtry.iv1350.grocerystoreseminar.dto.ItemDTOTest" time="0.006"/>
  <testcase name="testGetName" classname="se.mtry.iv1350.grocerystoreseminar.dto.ItemDTOTest" time="0.004"/>
  <testcase name="testGetDescription" classname="se.mtry.iv1350.grocerystoreseminar.dto.ItemDTOTest" time="0.002"/>
  <testcase name="testGetVTO" classname="se.mtry.iv1350.grocerystoreseminar.dto.ItemDTOTest" time="0.005"/>
</testsuite>